  MenuScreen.cpp
D:\A1_DEV\00_PERSO\Sokoban\src_vstudio\Sokoban\Config.h(24,41): warning C4244: 'initialisation' : conversion de 'float' en 'const int', perte possible de données
D:\A1_DEV\00_PERSO\Sokoban\src_vstudio\Sokoban\Config.h(25,42): warning C4244: 'initialisation' : conversion de 'float' en 'const int', perte possible de données
D:\A1_DEV\00_PERSO\Sokoban\src_vstudio\Sokoban\MenuScreen.cpp(13,75): warning C4244: 'argument' : conversion de 'const float' en 'T', perte possible de données
          with
          [
              T=int
          ]
D:\A1_DEV\00_PERSO\Sokoban\src_vstudio\Sokoban\MenuScreen.cpp(13,63): warning C4244: 'argument' : conversion de 'const float' en 'T', perte possible de données
          with
          [
              T=int
          ]
D:\A1_DEV\00_PERSO\Sokoban\src_vstudio\Sokoban\MenuScreen.cpp(13,60): warning C4244: 'argument' : conversion de 'float' en 'T', perte possible de données
          with
          [
              T=int
          ]
D:\A1_DEV\00_PERSO\Sokoban\src_vstudio\Sokoban\MenuScreen.cpp(13,57): warning C4244: 'argument' : conversion de 'float' en 'T', perte possible de données
          with
          [
              T=int
          ]
D:\A1_DEV\00_PERSO\Sokoban\src_vstudio\Sokoban\MenuScreen.cpp(32,99): warning C4244: 'argument' : conversion de 'const float' en 'T', perte possible de données
          with
          [
              T=int
          ]
D:\A1_DEV\00_PERSO\Sokoban\src_vstudio\Sokoban\MenuScreen.cpp(32,87): warning C4244: 'argument' : conversion de 'const float' en 'T', perte possible de données
          with
          [
              T=int
          ]
D:\A1_DEV\00_PERSO\Sokoban\src_vstudio\Sokoban\MenuScreen.cpp(32,65): warning C4244: 'argument' : conversion de 'float' en 'T', perte possible de données
          with
          [
              T=int
          ]
D:\A1_DEV\00_PERSO\Sokoban\src_vstudio\Sokoban\MenuScreen.cpp(32,60): warning C4244: 'argument' : conversion de 'float' en 'T', perte possible de données
          with
          [
              T=int
          ]
  Sokoban.vcxproj -> D:\A1_DEV\00_PERSO\Sokoban\src_vstudio\Sokoban\x64\Debug\Sokoban.exe
