d:\dev\sokoban\src_vstudio\sokoban\x64\debug\vc143.pdb
d:\dev\sokoban\src_vstudio\sokoban\x64\debug\vc143.idb
d:\dev\sokoban\src_vstudio\sokoban\x64\debug\sokoban.obj
d:\dev\sokoban\src_vstudio\sokoban\x64\debug\map.obj
d:\dev\sokoban\src_vstudio\sokoban\x64\debug\game.obj
d:\dev\sokoban\src_vstudio\sokoban\x64\debug\player.obj
d:\dev\sokoban\src_vstudio\sokoban\x64\debug\sokoban.pdb
d:\dev\sokoban\src_vstudio\sokoban\x64\debug\sokoban.tlog\cl.command.1.tlog
d:\dev\sokoban\src_vstudio\sokoban\x64\debug\sokoban.tlog\cl.read.1.tlog
d:\dev\sokoban\src_vstudio\sokoban\x64\debug\sokoban.tlog\cl.write.1.tlog
d:\dev\sokoban\src_vstudio\sokoban\x64\debug\sokoban.tlog\link.10096-cvtres.read.1.tlog
d:\dev\sokoban\src_vstudio\sokoban\x64\debug\sokoban.tlog\link.10096-cvtres.write.1.tlog
d:\dev\sokoban\src_vstudio\sokoban\x64\debug\sokoban.tlog\link.10096-rc.read.1.tlog
d:\dev\sokoban\src_vstudio\sokoban\x64\debug\sokoban.tlog\link.10096-rc.write.1.tlog
d:\dev\sokoban\src_vstudio\sokoban\x64\debug\sokoban.tlog\link.10096.read.1.tlog
d:\dev\sokoban\src_vstudio\sokoban\x64\debug\sokoban.tlog\link.10096.read.2.tlog
d:\dev\sokoban\src_vstudio\sokoban\x64\debug\sokoban.tlog\link.10096.write.1.tlog
d:\dev\sokoban\src_vstudio\sokoban\x64\debug\sokoban.tlog\link.command.1.tlog
d:\dev\sokoban\src_vstudio\sokoban\x64\debug\sokoban.tlog\link.read.1.tlog
d:\dev\sokoban\src_vstudio\sokoban\x64\debug\sokoban.tlog\link.write.1.tlog
